com.google.api.client.googleapis.json.GoogleJsonResponseException: 403 Forbidden
POST https://www.googleapis.com/upload/youtube/v3/videos?part=snippet,status&uploadType=resumable
{
  "code" : 403,
  "errors" : [ {
    "domain" : "usageLimits",
    "message" : "YouTube Data API v3 has not been used in project 410056000392 before or it is disabled. Enable it by visiting https://console.developers.google.com/apis/api/youtube.googleapis.com/overview?project=410056000392 then retry. If you enabled this API recently, wait a few minutes for the action to propagate to our systems and retry.",
    "reason" : "accessNotConfigured",
    "extendedHelp" : "https://console.developers.google.com"
  } ],
  "message" : "YouTube Data API v3 has not been used in project 410056000392 before or it is disabled. Enable it by visiting https://console.developers.google.com/apis/api/youtube.googleapis.com/overview?project=410056000392 then retry. If you enabled this API recently, wait a few minutes for the action to propagate to our systems and retry.",
  "status" : "PERMISSION_DENIED",
  "details" : [ {
    "@type" : "type.googleapis.com/google.rpc.ErrorInfo",
    "reason" : "SERVICE_DISABLED",
    "domain" : "googleapis.com",
    "metadata" : {
      "serviceTitle" : "YouTube Data API v3",
      "service" : "youtube.googleapis.com",
      "activationUrl" : "https://console.developers.google.com/apis/api/youtube.googleapis.com/overview?project=410056000392",
      "consumer" : "projects/410056000392",
      "containerInfo" : "410056000392"
    }
  }, {
    "@type" : "type.googleapis.com/google.rpc.LocalizedMessage",
    "locale" : "en-US",
    "message" : "YouTube Data API v3 has not been used in project 410056000392 before or it is disabled. Enable it by visiting https://console.developers.google.com/apis/api/youtube.googleapis.com/overview?project=410056000392 then retry. If you enabled this API recently, wait a few minutes for the action to propagate to our systems and retry."
  }, {
    "@type" : "type.googleapis.com/google.rpc.Help",
    "links" : [ {
      "description" : "Google developers console API activation",
      "url" : "https://console.developers.google.com/apis/api/youtube.googleapis.com/overview?project=410056000392"
    } ]
  } ]
}
	at com.google.api.client.googleapis.json.GoogleJsonResponseException.from(GoogleJsonResponseException.java:150)
	at com.google.api.client.googleapis.services.json.AbstractGoogleJsonClientRequest.newExceptionOnError(AbstractGoogleJsonClientRequest.java:113)
	at com.google.api.client.googleapis.services.json.AbstractGoogleJsonClientRequest.newExceptionOnError(AbstractGoogleJsonClientRequest.java:40)
	at com.google.api.client.googleapis.services.AbstractGoogleClientRequest.executeUnparsed(AbstractGoogleClientRequest.java:432)
	at com.google.api.client.googleapis.services.AbstractGoogleClientRequest.executeUnparsed(AbstractGoogleClientRequest.java:352)
	at com.google.api.client.googleapis.services.AbstractGoogleClientRequest.execute(AbstractGoogleClientRequest.java:469)
	at yt.ytShorts.Upload(ytShorts.java:508)
	at yt.ytShorts.main(ytShorts.java:295)
